<?xml version="1.0" encoding="UTF-8"?>
<!-- Generated by org.testng.reporters.JUnitReportReporter -->
<testsuite hostname="SYNPYBRL9161DH9" failures="0" tests="1" name="synechronTestng.Readexcel" time="8.325" errors="0" timestamp="2024-12-06T11:05:54 IST" skipped="0">
  <testcase classname="synechronTestng.Readexcel" name="login" time="8.325"/>
  <system-out/>
</testsuite> <!-- synechronTestng.Readexcel -->
