<?xml version="1.0" encoding="UTF-8"?>
<!-- Generated by org.testng.reporters.JUnitReportReporter -->
<testsuite hostname="SYNPYBRL9161DH9" failures="0" tests="3" name="synechronTestng.Priopritysetting" time="0.019" errors="0" timestamp="2024-12-05T11:15:26 IST" skipped="1">
  <testcase classname="synechronTestng.Priopritysetting" name="product" time="0.017"/>
  <system-out/>
  <testcase classname="synechronTestng.Priopritysetting" name="lauchbrowser" time="0.002"/>
  <system-out/>
  <testcase classname="synechronTestng.Priopritysetting" name="login">
    <skipped/>
  </testcase> <!-- login -->
  <system-out/>
</testsuite> <!-- synechronTestng.Priopritysetting -->
