<?xml version="1.0" encoding="UTF-8"?>
<!-- Generated by org.testng.reporters.JUnitReportReporter -->
<testsuite hostname="SYNPYBRL9161DH9" failures="0" tests="1" name="synechronTestng.parameters1" time="5.800" errors="0" timestamp="2024-12-05T12:33:57 IST" skipped="0">
  <testcase classname="synechronTestng.parameters1" name="lauchbrowser" time="5.800"/>
  <system-out/>
</testsuite> <!-- synechronTestng.parameters1 -->
