<?xml version="1.0" encoding="UTF-8"?>
<!-- Generated by org.testng.reporters.JUnitReportReporter -->
<testsuite hostname="SYNPYBRL9161DH9" failures="0" tests="1" name="synechronTestng.Assertionex" time="7.271" errors="0" timestamp="2024-12-05T12:57:36 IST" skipped="0">
  <testcase classname="synechronTestng.Assertionex" name="softassertion" time="7.271"/>
  <system-out/>
</testsuite> <!-- synechronTestng.Assertionex -->
