<?xml version="1.0" encoding="UTF-8"?>
<!-- Generated by org.testng.reporters.JUnitReportReporter -->
<testsuite hostname="SYNPYBRL9161DH9" failures="0" tests="1" name="synechronTestng.Testcase3" time="13.663" errors="1" timestamp="2024-12-05T11:44:27 IST" skipped="0">
  <testcase classname="synechronTestng.Testcase3" name="dropdown" time="13.663">
    <error message="You may only deselect all options of a multi-select" type="java.lang.UnsupportedOperationException">
      <![CDATA[java.lang.UnsupportedOperationException: You may only deselect all options of a multi-select
at org.openqa.selenium.support.ui.Select.deselectAll(Select.java:210)
at synechronTestng.Testcase3.dropdown(Testcase3.java:37)
at java.base/jdk.internal.reflect.DirectMethodHandleAccessor.invoke(DirectMethodHandleAccessor.java:103)
at java.base/java.lang.reflect.Method.invoke(Method.java:580)
at org.testng.internal.MethodInvocationHelper.invokeMethod(MethodInvocationHelper.java:133)
at org.testng.internal.TestInvoker.invokeMethod(TestInvoker.java:598)
at org.testng.internal.TestInvoker.invokeTestMethod(TestInvoker.java:173)
at org.testng.internal.MethodRunner.runInSequence(MethodRunner.java:46)
at org.testng.internal.TestInvoker$MethodInvocationAgent.invoke(TestInvoker.java:824)
at org.testng.internal.TestInvoker.invokeTestMethods(TestInvoker.java:146)
at org.testng.internal.TestMethodWorker.invokeTestMethods(TestMethodWorker.java:146)
at org.testng.internal.TestMethodWorker.run(TestMethodWorker.java:128)
at java.base/java.util.concurrent.ThreadPoolExecutor.runWorker(ThreadPoolExecutor.java:1144)
at java.base/java.util.concurrent.ThreadPoolExecutor$Worker.run(ThreadPoolExecutor.java:642)
at java.base/java.lang.Thread.run(Thread.java:1575)
]]>
    </error>
  </testcase> <!-- dropdown -->
  <system-out/>
</testsuite> <!-- synechronTestng.Testcase3 -->
