<?xml version="1.0" encoding="UTF-8"?>
<!-- Generated by org.testng.reporters.JUnitReportReporter -->
<testsuite hostname="SYNPYBRL9161DH9" failures="0" tests="1" name="synechronTestng.Testcase4" time="7.638" errors="0" timestamp="2024-12-05T10:57:43 IST" skipped="0">
  <testcase classname="synechronTestng.Testcase4" name="Balidationcommands" time="7.638"/>
  <system-out/>
</testsuite> <!-- synechronTestng.Testcase4 -->
