<?xml version="1.0" encoding="UTF-8"?>
<!-- Generated by org.testng.reporters.JUnitReportReporter -->
<testsuite hostname="SYNPYBRL9161DH9" failures="0" tests="1" name="synechronTestng.Testcasel" time="5.921" errors="0" timestamp="2024-12-05T11:44:27 IST" skipped="0">
  <testcase classname="synechronTestng.Testcasel" name="launchbrowser" time="5.921"/>
  <system-out/>
</testsuite> <!-- synechronTestng.Testcasel -->
