<?xml version="1.0" encoding="UTF-8"?>
<!-- Generated by org.testng.reporters.JUnitReportReporter -->
<testsuite hostname="SYNPYBRL9161DH9" failures="0" tests="1" name="synechronTestng.Shadowwebelement" time="7.549" errors="0" timestamp="2024-12-06T14:03:12 IST" skipped="0">
  <testcase classname="synechronTestng.Shadowwebelement" name="getshadow" time="7.549"/>
  <system-out/>
</testsuite> <!-- synechronTestng.Shadowwebelement -->
