<?xml version="1.0" encoding="UTF-8"?>
<!-- Generated by org.testng.reporters.JUnitReportReporter -->
<testsuite hostname="SYNPYBRL9161DH9" failures="0" tests="1" name="synechronTestng.Testcase1" time="4.289" errors="0" timestamp="2024-12-05T11:04:26 IST" skipped="0">
  <testcase classname="synechronTestng.Testcase1" name="launchbrowser" time="4.289"/>
  <system-out/>
</testsuite> <!-- synechronTestng.Testcase1 -->
