<?xml version="1.0" encoding="UTF-8"?>
<!-- Generated by org.testng.reporters.JUnitReportReporter -->
<testsuite hostname="SYNPYBRL9161DH9" failures="0" tests="2" name="synechronTestng.parallelrunning" time="15.308" errors="0" timestamp="2024-12-05T11:48:59 IST" skipped="0">
  <testcase classname="synechronTestng.parallelrunning" name="launchbrowser1" time="10.514"/>
  <system-out/>
  <testcase classname="synechronTestng.parallelrunning" name="launchbrowser" time="4.794"/>
  <system-out/>
</testsuite> <!-- synechronTestng.parallelrunning -->
