<?xml version="1.0" encoding="UTF-8"?>
<!-- Generated by org.testng.reporters.JUnitReportReporter -->
<testsuite hostname="SYNPYBRL9161DH9" failures="0" tests="2" name="synechronTestng.Depndsmethod" time="0.015" errors="0" timestamp="2024-12-05T12:37:59 IST" skipped="0">
  <testcase classname="synechronTestng.Depndsmethod" name="login" time="0.014"/>
  <system-out/>
  <testcase classname="synechronTestng.Depndsmethod" name="addcart" time="0.001"/>
  <system-out/>
</testsuite> <!-- synechronTestng.Depndsmethod -->
