<?xml version="1.0" encoding="UTF-8"?>
<!-- Generated by org.testng.reporters.JUnitReportReporter -->
<testsuite hostname="SYNPYBRL9161DH9" failures="0" tests="3" name="synechronTestng.AnnotationEX" time="0.018" errors="0" timestamp="2024-12-05T13:15:39 IST" skipped="0">
  <testcase classname="synechronTestng.AnnotationEX" name="testcase2" time="0.003"/>
  <system-out/>
  <testcase classname="synechronTestng.AnnotationEX" name="testcase1" time="0.013"/>
  <system-out/>
  <testcase classname="synechronTestng.AnnotationEX" name="testcase3" time="0.002"/>
  <system-out/>
</testsuite> <!-- synechronTestng.AnnotationEX -->
