<?xml version="1.0" encoding="UTF-8"?>
<!-- Generated by org.testng.reporters.JUnitReportReporter -->
<testsuite hostname="SYNPYBRL9161DH9" failures="0" tests="1" name="synechronTestng.lachbroser" time="6.162" errors="0" timestamp="2024-12-06T13:42:29 IST" skipped="0">
  <testcase classname="synechronTestng.lachbroser" name="lunch" time="6.162"/>
  <system-out/>
</testsuite> <!-- synechronTestng.lachbroser -->
